0 info it worked if it ends with ok
1 verbose cli [ '/usr/bin/nodejs', '/usr/bin/npm', 'install', 'xml2json' ]
2 info using npm@3.5.2
3 info using node@v4.2.6
4 silly loadCurrentTree Starting
5 silly install loadCurrentTree
6 silly install readLocalPackageData
7 silly fetchPackageMetaData xml2json
8 silly fetchNamedPackageData xml2json
9 silly mapToRegistry name xml2json
10 silly mapToRegistry using default registry
11 silly mapToRegistry registry https://registry.npmjs.org/
12 silly mapToRegistry uri https://registry.npmjs.org/xml2json
13 verbose request uri https://registry.npmjs.org/xml2json
14 verbose request no auth needed
15 info attempt registry request try #1 at 10:43:00 PM
16 verbose request id 97f46abdc003a9f3
17 verbose etag "5ab81136-acd4"
18 verbose lastModified Sun, 25 Mar 2018 21:14:30 GMT
19 http request GET https://registry.npmjs.org/xml2json
20 http 304 https://registry.npmjs.org/xml2json
21 verbose headers { date: 'Sun, 15 Apr 2018 17:13:01 GMT',
21 verbose headers   via: '1.1 varnish',
21 verbose headers   'cache-control': 'max-age=300',
21 verbose headers   etag: '"5ab81136-acd4"',
21 verbose headers   age: '9064',
21 verbose headers   connection: 'keep-alive',
21 verbose headers   'x-served-by': 'cache-sin18025-SIN',
21 verbose headers   'x-cache': 'HIT',
21 verbose headers   'x-cache-hits': '1',
21 verbose headers   'x-timer': 'S1523812382.666424,VS0,VE0',
21 verbose headers   vary: 'Accept-Encoding, Accept' }
22 silly get cb [ 304,
22 silly get   { date: 'Sun, 15 Apr 2018 17:13:01 GMT',
22 silly get     via: '1.1 varnish',
22 silly get     'cache-control': 'max-age=300',
22 silly get     etag: '"5ab81136-acd4"',
22 silly get     age: '9064',
22 silly get     connection: 'keep-alive',
22 silly get     'x-served-by': 'cache-sin18025-SIN',
22 silly get     'x-cache': 'HIT',
22 silly get     'x-cache-hits': '1',
22 silly get     'x-timer': 'S1523812382.666424,VS0,VE0',
22 silly get     vary: 'Accept-Encoding, Accept' } ]
23 verbose etag https://registry.npmjs.org/xml2json from cache
24 verbose get saving xml2json to /home/keerthi/.npm/registry.npmjs.org/xml2json/.cache.json
25 silly install normalizeTree
26 silly loadCurrentTree Finishing
27 silly loadIdealTree Starting
28 silly install loadIdealTree
29 silly cloneCurrentTree Starting
30 silly install cloneCurrentTreeToIdealTree
31 silly cloneCurrentTree Finishing
32 silly loadShrinkwrap Starting
33 silly install loadShrinkwrap
34 silly loadShrinkwrap Finishing
35 silly loadAllDepsIntoIdealTree Starting
36 silly install loadAllDepsIntoIdealTree
37 silly resolveWithNewModule xml2json@0.11.2 checking installable status
38 silly cache add args [ 'xml2json', null ]
39 verbose cache add spec xml2json
40 silly cache add parsed spec Result {
40 silly cache add   raw: 'xml2json',
40 silly cache add   scope: null,
40 silly cache add   name: 'xml2json',
40 silly cache add   rawSpec: '',
40 silly cache add   spec: 'latest',
40 silly cache add   type: 'tag' }
41 silly addNamed xml2json@latest
42 verbose addNamed "latest" is being treated as a dist-tag for xml2json
43 info addNameTag [ 'xml2json', 'latest' ]
44 silly mapToRegistry name xml2json
45 silly mapToRegistry using default registry
46 silly mapToRegistry registry https://registry.npmjs.org/
47 silly mapToRegistry uri https://registry.npmjs.org/xml2json
48 verbose addNameTag registry:https://registry.npmjs.org/xml2json not in flight; fetching
49 verbose get https://registry.npmjs.org/xml2json not expired, no request
50 silly addNameTag next cb for xml2json with tag latest
51 silly addNamed xml2json@0.11.2
52 verbose addNamed "0.11.2" is a plain semver version for xml2json
53 silly cache afterAdd xml2json@0.11.2
54 verbose afterAdd /home/keerthi/.npm/xml2json/0.11.2/package/package.json not in flight; writing
55 verbose afterAdd /home/keerthi/.npm/xml2json/0.11.2/package/package.json written
56 silly fetchNamedPackageData node-expat
57 silly mapToRegistry name node-expat
58 silly mapToRegistry using default registry
59 silly mapToRegistry registry https://registry.npmjs.org/
60 silly mapToRegistry uri https://registry.npmjs.org/node-expat
61 verbose request uri https://registry.npmjs.org/node-expat
62 verbose request no auth needed
63 info attempt registry request try #1 at 10:43:01 PM
64 verbose etag "595d50c1-104e9"
65 verbose lastModified Wed, 5 Jul 2017 20:49:05 GMT
66 http request GET https://registry.npmjs.org/node-expat
67 http 304 https://registry.npmjs.org/node-expat
68 verbose headers { date: 'Sun, 15 Apr 2018 17:13:02 GMT',
68 verbose headers   via: '1.1 varnish',
68 verbose headers   'cache-control': 'max-age=300',
68 verbose headers   etag: '"595d50c1-104e9"',
68 verbose headers   age: '11936',
68 verbose headers   connection: 'keep-alive',
68 verbose headers   'x-served-by': 'cache-sin18029-SIN',
68 verbose headers   'x-cache': 'HIT',
68 verbose headers   'x-cache-hits': '1',
68 verbose headers   'x-timer': 'S1523812382.371235,VS0,VE0',
68 verbose headers   vary: 'Accept-Encoding, Accept' }
69 silly get cb [ 304,
69 silly get   { date: 'Sun, 15 Apr 2018 17:13:02 GMT',
69 silly get     via: '1.1 varnish',
69 silly get     'cache-control': 'max-age=300',
69 silly get     etag: '"595d50c1-104e9"',
69 silly get     age: '11936',
69 silly get     connection: 'keep-alive',
69 silly get     'x-served-by': 'cache-sin18029-SIN',
69 silly get     'x-cache': 'HIT',
69 silly get     'x-cache-hits': '1',
69 silly get     'x-timer': 'S1523812382.371235,VS0,VE0',
69 silly get     vary: 'Accept-Encoding, Accept' } ]
70 verbose etag https://registry.npmjs.org/node-expat from cache
71 verbose get saving node-expat to /home/keerthi/.npm/registry.npmjs.org/node-expat/.cache.json
72 silly resolveWithNewModule node-expat@2.3.16 checking installable status
73 silly cache add args [ 'node-expat@^2.3.15', null ]
74 verbose cache add spec node-expat@^2.3.15
75 silly cache add parsed spec Result {
75 silly cache add   raw: 'node-expat@^2.3.15',
75 silly cache add   scope: null,
75 silly cache add   name: 'node-expat',
75 silly cache add   rawSpec: '^2.3.15',
75 silly cache add   spec: '>=2.3.15 <3.0.0',
75 silly cache add   type: 'range' }
76 silly addNamed node-expat@>=2.3.15 <3.0.0
77 verbose addNamed ">=2.3.15 <3.0.0" is a valid semver range for node-expat
78 silly addNameRange { name: 'node-expat', range: '>=2.3.15 <3.0.0', hasData: false }
79 silly mapToRegistry name node-expat
80 silly mapToRegistry using default registry
81 silly mapToRegistry registry https://registry.npmjs.org/
82 silly mapToRegistry uri https://registry.npmjs.org/node-expat
83 verbose addNameRange registry:https://registry.npmjs.org/node-expat not in flight; fetching
84 verbose get https://registry.npmjs.org/node-expat not expired, no request
85 silly addNameRange number 2 { name: 'node-expat', range: '>=2.3.15 <3.0.0', hasData: true }
86 silly addNameRange versions [ 'node-expat',
86 silly addNameRange   [ '0.0.4',
86 silly addNameRange     '0.0.5',
86 silly addNameRange     '0.0.6',
86 silly addNameRange     '1.0.0',
86 silly addNameRange     '1.0.1',
86 silly addNameRange     '1.1.0',
86 silly addNameRange     '1.1.1',
86 silly addNameRange     '1.2.0',
86 silly addNameRange     '1.3.0',
86 silly addNameRange     '1.3.1',
86 silly addNameRange     '1.3.2',
86 silly addNameRange     '1.4.0',
86 silly addNameRange     '1.4.1',
86 silly addNameRange     '1.4.2',
86 silly addNameRange     '1.4.3',
86 silly addNameRange     '1.4.4',
86 silly addNameRange     '1.4.5',
86 silly addNameRange     '1.5.0',
86 silly addNameRange     '1.6.0',
86 silly addNameRange     '1.6.1',
86 silly addNameRange     '2.0.0',
86 silly addNameRange     '2.1.0',
86 silly addNameRange     '2.1.1',
86 silly addNameRange     '2.1.2',
86 silly addNameRange     '2.1.3',
86 silly addNameRange     '2.1.4',
86 silly addNameRange     '2.2.0',
86 silly addNameRange     '2.3.0',
86 silly addNameRange     '2.3.1',
86 silly addNameRange     '2.3.2',
86 silly addNameRange     '2.3.3',
86 silly addNameRange     '2.3.4',
86 silly addNameRange     '2.3.5',
86 silly addNameRange     '2.3.6',
86 silly addNameRange     '2.3.7',
86 silly addNameRange     '2.3.8',
86 silly addNameRange     '2.3.9',
86 silly addNameRange     '2.3.10',
86 silly addNameRange     '2.3.11',
86 silly addNameRange     '2.3.12',
86 silly addNameRange     '2.3.13',
86 silly addNameRange     '2.3.14',
86 silly addNameRange     '2.3.15',
86 silly addNameRange     '2.3.16' ] ]
87 silly addNamed node-expat@2.3.16
88 verbose addNamed "2.3.16" is a plain semver version for node-expat
89 silly cache afterAdd node-expat@2.3.16
90 verbose afterAdd /home/keerthi/.npm/node-expat/2.3.16/package/package.json not in flight; writing
91 verbose afterAdd /home/keerthi/.npm/node-expat/2.3.16/package/package.json written
92 silly fetchNamedPackageData bindings
93 silly mapToRegistry name bindings
94 silly mapToRegistry using default registry
95 silly mapToRegistry registry https://registry.npmjs.org/
96 silly mapToRegistry uri https://registry.npmjs.org/bindings
97 silly fetchNamedPackageData nan
98 silly mapToRegistry name nan
99 silly mapToRegistry using default registry
100 silly mapToRegistry registry https://registry.npmjs.org/
101 silly mapToRegistry uri https://registry.npmjs.org/nan
102 verbose request uri https://registry.npmjs.org/bindings
103 verbose request no auth needed
104 info attempt registry request try #1 at 10:43:02 PM
105 verbose etag "5a700cb7-4c53"
106 verbose lastModified Tue, 30 Jan 2018 6:12:07 GMT
107 http request GET https://registry.npmjs.org/bindings
108 verbose request uri https://registry.npmjs.org/nan
109 verbose request no auth needed
110 info attempt registry request try #1 at 10:43:02 PM
111 verbose etag "5aabecc7-229f2"
112 verbose lastModified Fri, 16 Mar 2018 16:11:51 GMT
113 http request GET https://registry.npmjs.org/nan
114 http 304 https://registry.npmjs.org/bindings
115 verbose headers { date: 'Sun, 15 Apr 2018 17:13:02 GMT',
115 verbose headers   via: '1.1 varnish',
115 verbose headers   'cache-control': 'max-age=300',
115 verbose headers   etag: '"5a700cb7-4c53"',
115 verbose headers   age: '7112',
115 verbose headers   connection: 'keep-alive',
115 verbose headers   'x-served-by': 'cache-sin18034-SIN',
115 verbose headers   'x-cache': 'HIT',
115 verbose headers   'x-cache-hits': '7',
115 verbose headers   'x-timer': 'S1523812383.980546,VS0,VE0',
115 verbose headers   vary: 'Accept-Encoding, Accept' }
116 silly get cb [ 304,
116 silly get   { date: 'Sun, 15 Apr 2018 17:13:02 GMT',
116 silly get     via: '1.1 varnish',
116 silly get     'cache-control': 'max-age=300',
116 silly get     etag: '"5a700cb7-4c53"',
116 silly get     age: '7112',
116 silly get     connection: 'keep-alive',
116 silly get     'x-served-by': 'cache-sin18034-SIN',
116 silly get     'x-cache': 'HIT',
116 silly get     'x-cache-hits': '7',
116 silly get     'x-timer': 'S1523812383.980546,VS0,VE0',
116 silly get     vary: 'Accept-Encoding, Accept' } ]
117 verbose etag https://registry.npmjs.org/bindings from cache
118 verbose get saving bindings to /home/keerthi/.npm/registry.npmjs.org/bindings/.cache.json
119 silly resolveWithNewModule bindings@1.3.0 checking installable status
120 silly cache add args [ 'bindings@^1.2.1', null ]
121 verbose cache add spec bindings@^1.2.1
122 silly cache add parsed spec Result {
122 silly cache add   raw: 'bindings@^1.2.1',
122 silly cache add   scope: null,
122 silly cache add   name: 'bindings',
122 silly cache add   rawSpec: '^1.2.1',
122 silly cache add   spec: '>=1.2.1 <2.0.0',
122 silly cache add   type: 'range' }
123 silly addNamed bindings@>=1.2.1 <2.0.0
124 verbose addNamed ">=1.2.1 <2.0.0" is a valid semver range for bindings
125 silly addNameRange { name: 'bindings', range: '>=1.2.1 <2.0.0', hasData: false }
126 silly mapToRegistry name bindings
127 silly mapToRegistry using default registry
128 silly mapToRegistry registry https://registry.npmjs.org/
129 silly mapToRegistry uri https://registry.npmjs.org/bindings
130 verbose addNameRange registry:https://registry.npmjs.org/bindings not in flight; fetching
131 http 304 https://registry.npmjs.org/nan
132 verbose headers { date: 'Sun, 15 Apr 2018 17:13:02 GMT',
132 verbose headers   via: '1.1 varnish',
132 verbose headers   'cache-control': 'max-age=300',
132 verbose headers   etag: '"5aabecc7-229f2"',
132 verbose headers   age: '8994',
132 verbose headers   connection: 'keep-alive',
132 verbose headers   'x-served-by': 'cache-sin18020-SIN',
132 verbose headers   'x-cache': 'HIT',
132 verbose headers   'x-cache-hits': '28',
132 verbose headers   'x-timer': 'S1523812383.988440,VS0,VE0',
132 verbose headers   vary: 'Accept-Encoding, Accept' }
133 silly get cb [ 304,
133 silly get   { date: 'Sun, 15 Apr 2018 17:13:02 GMT',
133 silly get     via: '1.1 varnish',
133 silly get     'cache-control': 'max-age=300',
133 silly get     etag: '"5aabecc7-229f2"',
133 silly get     age: '8994',
133 silly get     connection: 'keep-alive',
133 silly get     'x-served-by': 'cache-sin18020-SIN',
133 silly get     'x-cache': 'HIT',
133 silly get     'x-cache-hits': '28',
133 silly get     'x-timer': 'S1523812383.988440,VS0,VE0',
133 silly get     vary: 'Accept-Encoding, Accept' } ]
134 verbose etag https://registry.npmjs.org/nan from cache
135 verbose get saving nan to /home/keerthi/.npm/registry.npmjs.org/nan/.cache.json
136 verbose get https://registry.npmjs.org/bindings not expired, no request
137 silly addNameRange number 2 { name: 'bindings', range: '>=1.2.1 <2.0.0', hasData: true }
138 silly addNameRange versions [ 'bindings',
138 silly addNameRange   [ '0.0.1',
138 silly addNameRange     '0.1.0',
138 silly addNameRange     '0.1.1',
138 silly addNameRange     '0.2.0',
138 silly addNameRange     '0.2.1',
138 silly addNameRange     '0.2.2',
138 silly addNameRange     '0.2.3',
138 silly addNameRange     '0.2.4',
138 silly addNameRange     '0.3.0',
138 silly addNameRange     '0.4.0',
138 silly addNameRange     '1.0.0',
138 silly addNameRange     '1.1.0',
138 silly addNameRange     '1.1.1',
138 silly addNameRange     '1.2.0',
138 silly addNameRange     '1.2.1',
138 silly addNameRange     '1.3.0' ] ]
139 silly addNamed bindings@1.3.0
140 verbose addNamed "1.3.0" is a plain semver version for bindings
141 silly cache afterAdd bindings@1.3.0
142 verbose afterAdd /home/keerthi/.npm/bindings/1.3.0/package/package.json not in flight; writing
143 verbose afterAdd /home/keerthi/.npm/bindings/1.3.0/package/package.json written
144 silly resolveWithNewModule nan@2.10.0 checking installable status
145 silly cache add args [ 'nan@^2.3.5', null ]
146 verbose cache add spec nan@^2.3.5
147 silly cache add parsed spec Result {
147 silly cache add   raw: 'nan@^2.3.5',
147 silly cache add   scope: null,
147 silly cache add   name: 'nan',
147 silly cache add   rawSpec: '^2.3.5',
147 silly cache add   spec: '>=2.3.5 <3.0.0',
147 silly cache add   type: 'range' }
148 silly addNamed nan@>=2.3.5 <3.0.0
149 verbose addNamed ">=2.3.5 <3.0.0" is a valid semver range for nan
150 silly addNameRange { name: 'nan', range: '>=2.3.5 <3.0.0', hasData: false }
151 silly mapToRegistry name nan
152 silly mapToRegistry using default registry
153 silly mapToRegistry registry https://registry.npmjs.org/
154 silly mapToRegistry uri https://registry.npmjs.org/nan
155 verbose addNameRange registry:https://registry.npmjs.org/nan not in flight; fetching
156 verbose get https://registry.npmjs.org/nan not expired, no request
157 silly addNameRange number 2 { name: 'nan', range: '>=2.3.5 <3.0.0', hasData: true }
158 silly addNameRange versions [ 'nan',
158 silly addNameRange   [ '0.3.0-wip',
158 silly addNameRange     '0.3.0-wip2',
158 silly addNameRange     '0.3.0',
158 silly addNameRange     '0.3.1',
158 silly addNameRange     '0.3.2',
158 silly addNameRange     '0.4.0',
158 silly addNameRange     '0.4.1',
158 silly addNameRange     '0.4.2',
158 silly addNameRange     '0.4.3',
158 silly addNameRange     '0.4.4',
158 silly addNameRange     '0.5.0',
158 silly addNameRange     '0.5.1',
158 silly addNameRange     '0.5.2',
158 silly addNameRange     '0.6.0',
158 silly addNameRange     '0.7.0',
158 silly addNameRange     '0.7.1',
158 silly addNameRange     '0.8.0',
158 silly addNameRange     '1.0.0',
158 silly addNameRange     '1.1.0',
158 silly addNameRange     '1.1.1',
158 silly addNameRange     '1.1.2',
158 silly addNameRange     '1.2.0',
158 silly addNameRange     '1.3.0',
158 silly addNameRange     '1.4.0',
158 silly addNameRange     '1.4.1',
158 silly addNameRange     '1.5.0',
158 silly addNameRange     '1.4.2',
158 silly addNameRange     '1.4.3',
158 silly addNameRange     '1.5.1',
158 silly addNameRange     '1.5.2',
158 silly addNameRange     '1.6.0',
158 silly addNameRange     '1.5.3',
158 silly addNameRange     '1.6.1',
158 silly addNameRange     '1.6.2',
158 silly addNameRange     '1.7.0',
158 silly addNameRange     '1.8.0',
158 silly addNameRange     '1.8.1',
158 silly addNameRange     '1.8.2',
158 silly addNameRange     '1.8.3',
158 silly addNameRange     '1.8.4',
158 silly addNameRange     '1.9.0',
158 silly addNameRange     '2.0.0',
158 silly addNameRange     '2.0.1',
158 silly addNameRange     '2.0.2',
158 silly addNameRange     '2.0.3',
158 silly addNameRange     '2.0.4',
158 silly addNameRange     '2.0.5',
158 silly addNameRange     '2.0.6',
158 silly addNameRange     '2.0.7',
158 silly addNameRange     '2.0.8',
158 silly addNameRange     '2.0.9',
158 silly addNameRange     '2.1.0',
158 silly addNameRange     '2.2.0',
158 silly addNameRange     '2.2.1',
158 silly addNameRange     '2.3.0',
158 silly addNameRange     '2.3.1',
158 silly addNameRange     '2.3.2',
158 silly addNameRange     '2.3.3',
158 silly addNameRange     '2.3.4',
158 silly addNameRange     '2.3.5',
158 silly addNameRange     '2.4.0',
158 silly addNameRange     '2.5.0',
158 silly addNameRange     '2.5.1',
158 silly addNameRange     '2.6.0',
158 silly addNameRange     '2.6.1',
158 silly addNameRange     '2.6.2',
158 silly addNameRange     '2.7.0',
158 silly addNameRange     '2.8.0',
158 silly addNameRange     '2.9.1',
158 silly addNameRange     '2.9.2',
158 silly addNameRange     '2.10.0' ] ]
159 silly addNamed nan@2.10.0
160 verbose addNamed "2.10.0" is a plain semver version for nan
161 silly cache afterAdd nan@2.10.0
162 verbose afterAdd /home/keerthi/.npm/nan/2.10.0/package/package.json not in flight; writing
163 verbose afterAdd /home/keerthi/.npm/nan/2.10.0/package/package.json written
164 silly loadAllDepsIntoIdealTree Finishing
165 silly idealTree:prePrune mysite
165 silly idealTree:prePrune ├── bindings@1.3.0
165 silly idealTree:prePrune ├── hoek@4.2.1
165 silly idealTree:prePrune ├── isemail@3.1.2
165 silly idealTree:prePrune ├─┬ joi@13.1.2
165 silly idealTree:prePrune │ └── hoek@5.0.3
165 silly idealTree:prePrune ├── nan@2.10.0
165 silly idealTree:prePrune ├── node-expat@2.3.16
165 silly idealTree:prePrune ├── punycode@2.1.0
165 silly idealTree:prePrune ├─┬ topo@3.0.0
165 silly idealTree:prePrune │ └── hoek@5.0.3
165 silly idealTree:prePrune └── xml2json@0.11.2
166 silly loadIdealTree Finishing
167 silly currentTree mysite
167 silly currentTree ├── hoek@4.2.1
167 silly currentTree ├── isemail@3.1.2
167 silly currentTree ├─┬ joi@13.1.2
167 silly currentTree │ └── hoek@5.0.3
167 silly currentTree ├── punycode@2.1.0
167 silly currentTree └─┬ topo@3.0.0
167 silly currentTree   └── hoek@5.0.3
168 silly idealTree mysite
168 silly idealTree ├── bindings@1.3.0
168 silly idealTree ├── hoek@4.2.1
168 silly idealTree ├── isemail@3.1.2
168 silly idealTree ├─┬ joi@13.1.2
168 silly idealTree │ └── hoek@5.0.3
168 silly idealTree ├── nan@2.10.0
168 silly idealTree ├── node-expat@2.3.16
168 silly idealTree ├── punycode@2.1.0
168 silly idealTree ├─┬ topo@3.0.0
168 silly idealTree │ └── hoek@5.0.3
168 silly idealTree └── xml2json@0.11.2
169 silly generateActionsToTake Starting
170 silly install generateActionsToTake
171 silly generateActionsToTake Finishing
172 silly diffTrees action count 4
173 silly diffTrees add bindings@1.3.0
174 silly diffTrees add nan@2.10.0
175 silly diffTrees add node-expat@2.3.16
176 silly diffTrees add xml2json@0.11.2
177 silly decomposeActions action count 32
178 silly decomposeActions fetch bindings@1.3.0
179 silly decomposeActions extract bindings@1.3.0
180 silly decomposeActions test bindings@1.3.0
181 silly decomposeActions preinstall bindings@1.3.0
182 silly decomposeActions build bindings@1.3.0
183 silly decomposeActions install bindings@1.3.0
184 silly decomposeActions postinstall bindings@1.3.0
185 silly decomposeActions finalize bindings@1.3.0
186 silly decomposeActions fetch nan@2.10.0
187 silly decomposeActions extract nan@2.10.0
188 silly decomposeActions test nan@2.10.0
189 silly decomposeActions preinstall nan@2.10.0
190 silly decomposeActions build nan@2.10.0
191 silly decomposeActions install nan@2.10.0
192 silly decomposeActions postinstall nan@2.10.0
193 silly decomposeActions finalize nan@2.10.0
194 silly decomposeActions fetch node-expat@2.3.16
195 silly decomposeActions extract node-expat@2.3.16
196 silly decomposeActions test node-expat@2.3.16
197 silly decomposeActions preinstall node-expat@2.3.16
198 silly decomposeActions build node-expat@2.3.16
199 silly decomposeActions install node-expat@2.3.16
200 silly decomposeActions postinstall node-expat@2.3.16
201 silly decomposeActions finalize node-expat@2.3.16
202 silly decomposeActions fetch xml2json@0.11.2
203 silly decomposeActions extract xml2json@0.11.2
204 silly decomposeActions test xml2json@0.11.2
205 silly decomposeActions preinstall xml2json@0.11.2
206 silly decomposeActions build xml2json@0.11.2
207 silly decomposeActions install xml2json@0.11.2
208 silly decomposeActions postinstall xml2json@0.11.2
209 silly decomposeActions finalize xml2json@0.11.2
210 silly executeActions Starting
211 silly install executeActions
212 silly doSerial global-install 0
213 silly doParallel fetch 4
214 verbose lock using /home/keerthi/.npm/_locks/staging-49fd7514b69a3e47.lock for /home/keerthi/ITD/Python2/mysite/node_modules/.staging
215 silly doParallel extract 4
216 silly extract bindings@1.3.0
217 silly extract nan@2.10.0
218 silly extract node-expat@2.3.16
219 silly extract xml2json@0.11.2
220 verbose unbuild node_modules/.staging/bindings-ccba6f35
221 verbose unbuild node_modules/.staging/nan-8e7da988
222 verbose unbuild node_modules/.staging/node-expat-36b0b815
223 verbose unbuild node_modules/.staging/xml2json-50e39a3b
224 silly gentlyRm /home/keerthi/ITD/Python2/mysite/node_modules/.staging/bindings-ccba6f35 is being purged from base /home/keerthi/ITD/Python2/mysite
225 verbose gentlyRm don't care about contents; nuking /home/keerthi/ITD/Python2/mysite/node_modules/.staging/bindings-ccba6f35
226 silly gentlyRm /home/keerthi/ITD/Python2/mysite/node_modules/.staging/nan-8e7da988 is being purged from base /home/keerthi/ITD/Python2/mysite
227 verbose gentlyRm don't care about contents; nuking /home/keerthi/ITD/Python2/mysite/node_modules/.staging/nan-8e7da988
228 silly gentlyRm /home/keerthi/ITD/Python2/mysite/node_modules/.staging/node-expat-36b0b815 is being purged from base /home/keerthi/ITD/Python2/mysite
229 verbose gentlyRm don't care about contents; nuking /home/keerthi/ITD/Python2/mysite/node_modules/.staging/node-expat-36b0b815
230 verbose tar unpack /home/keerthi/.npm/bindings/1.3.0/package.tgz
231 verbose tar unpacking to /home/keerthi/ITD/Python2/mysite/node_modules/.staging/bindings-ccba6f35
232 silly gentlyRm /home/keerthi/ITD/Python2/mysite/node_modules/.staging/bindings-ccba6f35 is being purged
233 verbose gentlyRm don't care about contents; nuking /home/keerthi/ITD/Python2/mysite/node_modules/.staging/bindings-ccba6f35
234 verbose tar unpack /home/keerthi/.npm/nan/2.10.0/package.tgz
235 verbose tar unpacking to /home/keerthi/ITD/Python2/mysite/node_modules/.staging/nan-8e7da988
236 silly gentlyRm /home/keerthi/ITD/Python2/mysite/node_modules/.staging/nan-8e7da988 is being purged
237 verbose gentlyRm don't care about contents; nuking /home/keerthi/ITD/Python2/mysite/node_modules/.staging/nan-8e7da988
238 verbose tar unpack /home/keerthi/.npm/node-expat/2.3.16/package.tgz
239 verbose tar unpacking to /home/keerthi/ITD/Python2/mysite/node_modules/.staging/node-expat-36b0b815
240 silly gentlyRm /home/keerthi/ITD/Python2/mysite/node_modules/.staging/node-expat-36b0b815 is being purged
241 verbose gentlyRm don't care about contents; nuking /home/keerthi/ITD/Python2/mysite/node_modules/.staging/node-expat-36b0b815
242 silly gentlyRm /home/keerthi/ITD/Python2/mysite/node_modules/.staging/xml2json-50e39a3b is being purged from base /home/keerthi/ITD/Python2/mysite
243 verbose gentlyRm don't care about contents; nuking /home/keerthi/ITD/Python2/mysite/node_modules/.staging/xml2json-50e39a3b
244 silly gunzTarPerm modes [ '755', '644' ]
245 silly gunzTarPerm modes [ '755', '644' ]
246 silly gunzTarPerm modes [ '755', '644' ]
247 verbose tar unpack /home/keerthi/.npm/xml2json/0.11.2/package.tgz
248 verbose tar unpacking to /home/keerthi/ITD/Python2/mysite/node_modules/.staging/xml2json-50e39a3b
249 silly gentlyRm /home/keerthi/ITD/Python2/mysite/node_modules/.staging/xml2json-50e39a3b is being purged
250 verbose gentlyRm don't care about contents; nuking /home/keerthi/ITD/Python2/mysite/node_modules/.staging/xml2json-50e39a3b
251 silly gunzTarPerm modes [ '755', '644' ]
252 silly gunzTarPerm extractEntry package.json
253 silly gunzTarPerm extractEntry package.json
254 silly gunzTarPerm extractEntry package.json
255 silly gunzTarPerm modified mode [ 'package.json', 436, 420 ]
256 silly gunzTarPerm extractEntry package.json
257 silly gunzTarPerm extractEntry README.md
258 silly gunzTarPerm extractEntry bindings.js
259 silly gunzTarPerm extractEntry README.md
260 silly gunzTarPerm extractEntry LICENSE
261 silly gunzTarPerm extractEntry CHANGELOG.md
262 silly gunzTarPerm modified mode [ 'CHANGELOG.md', 436, 420 ]
263 silly gunzTarPerm extractEntry include_dirs.js
264 silly gunzTarPerm modified mode [ 'include_dirs.js', 436, 420 ]
265 silly gunzTarPerm extractEntry .editorconfig
266 silly gunzTarPerm modified mode [ '.editorconfig', 436, 420 ]
267 silly gunzTarPerm extractEntry .travis.yml
268 silly gunzTarPerm extractEntry binding.gyp
269 silly gunzTarPerm extractEntry deps/libexpat/README
270 silly gunzTarPerm extractEntry AUTHORS
271 silly gunzTarPerm extractEntry example.js
272 silly gunzTarPerm extractEntry LICENSE.md
273 silly gunzTarPerm modified mode [ 'LICENSE.md', 436, 420 ]
274 silly gunzTarPerm extractEntry nan_callbacks_12_inl.h
275 silly gunzTarPerm modified mode [ 'nan_callbacks_12_inl.h', 436, 420 ]
276 silly gunzTarPerm extractEntry nan_callbacks_pre_12_inl.h
277 silly gunzTarPerm modified mode [ 'nan_callbacks_pre_12_inl.h', 436, 420 ]
278 silly gunzTarPerm extractEntry nan_callbacks.h
279 silly gunzTarPerm modified mode [ 'nan_callbacks.h', 436, 420 ]
280 silly gunzTarPerm extractEntry deps/libexpat/doc/expat.png
281 silly gunzTarPerm extractEntry index.js
282 silly gunzTarPerm extractEntry README.md
283 silly gunzTarPerm extractEntry nan_converters_43_inl.h
284 silly gunzTarPerm modified mode [ 'nan_converters_43_inl.h', 436, 420 ]
285 silly gunzTarPerm extractEntry nan_converters_pre_43_inl.h
286 silly gunzTarPerm modified mode [ 'nan_converters_pre_43_inl.h', 436, 420 ]
287 silly gunzTarPerm extractEntry t.js
288 silly gunzTarPerm extractEntry bin/xml2json
289 silly gunzTarPerm extractEntry deps/libexpat/doc/reference.html
290 silly gunzTarPerm extractEntry deps/libexpat/doc/style.css
291 silly gunzTarPerm extractEntry nan_converters.h
292 silly gunzTarPerm modified mode [ 'nan_converters.h', 436, 420 ]
293 silly gunzTarPerm extractEntry nan_define_own_property_helper.h
294 silly gunzTarPerm modified mode [ 'nan_define_own_property_helper.h', 436, 420 ]
295 silly gunzTarPerm extractEntry lib/index.js
296 silly gunzTarPerm extractEntry lib/json2xml.js
297 silly gunzTarPerm extractEntry deps/libexpat/doc/valid-xhtml10.png
298 silly gunzTarPerm extractEntry deps/libexpat/doc/xmlwf.1
299 silly gunzTarPerm extractEntry nan_implementation_12_inl.h
300 silly gunzTarPerm modified mode [ 'nan_implementation_12_inl.h', 436, 420 ]
301 silly gunzTarPerm extractEntry nan_implementation_pre_12_inl.h
302 silly gunzTarPerm modified mode [ 'nan_implementation_pre_12_inl.h', 436, 420 ]
303 silly gunzTarPerm extractEntry nan_json.h
304 silly gunzTarPerm modified mode [ 'nan_json.h', 436, 420 ]
305 silly gentlyRm /home/keerthi/ITD/Python2/mysite/node_modules/.staging/bindings-ccba6f35/node_modules is being purged
306 verbose gentlyRm don't care about contents; nuking /home/keerthi/ITD/Python2/mysite/node_modules/.staging/bindings-ccba6f35/node_modules
307 silly gunzTarPerm extractEntry nan_maybe_43_inl.h
308 silly gunzTarPerm modified mode [ 'nan_maybe_43_inl.h', 436, 420 ]
309 silly gunzTarPerm extractEntry lib/sanitize.js
310 silly gunzTarPerm extractEntry nan_maybe_pre_43_inl.h
311 silly gunzTarPerm modified mode [ 'nan_maybe_pre_43_inl.h', 436, 420 ]
312 silly gunzTarPerm extractEntry nan_new.h
313 silly gunzTarPerm modified mode [ 'nan_new.h', 436, 420 ]
314 silly gunzTarPerm extractEntry nan_object_wrap.h
315 silly gunzTarPerm modified mode [ 'nan_object_wrap.h', 436, 420 ]
316 silly gunzTarPerm extractEntry deps/libexpat/doc/xmlwf.xml
317 silly gunzTarPerm extractEntry deps/libexpat/CMakeLists.txt
318 silly gunzTarPerm extractEntry lib/xml2json.js
319 silly gunzTarPerm extractEntry test/coerce-overhead.js
320 silly gunzTarPerm extractEntry nan_persistent_12_inl.h
321 silly gunzTarPerm modified mode [ 'nan_persistent_12_inl.h', 436, 420 ]
322 silly gunzTarPerm extractEntry nan_persistent_pre_12_inl.h
323 silly gunzTarPerm modified mode [ 'nan_persistent_pre_12_inl.h', 436, 420 ]
324 silly gunzTarPerm extractEntry deps/libexpat/COPYING
325 silly gunzTarPerm extractEntry deps/libexpat/Changes
326 silly gunzTarPerm extractEntry deps/libexpat/ConfigureChecks.cmake
327 silly gunzTarPerm extractEntry test/fixtures/alternate-text-node-A.json
328 silly gunzTarPerm extractEntry test/fixtures/alternate-text-node-A.xml
329 silly gunzTarPerm extractEntry deps/libexpat/MANIFEST
330 silly gunzTarPerm extractEntry deps/libexpat/Makefile.in
331 silly gunzTarPerm extractEntry deps/libexpat/AUTHORS
332 silly gunzTarPerm extractEntry nan_private.h
333 silly gunzTarPerm modified mode [ 'nan_private.h', 436, 420 ]
334 silly gunzTarPerm extractEntry nan_string_bytes.h
335 silly gunzTarPerm modified mode [ 'nan_string_bytes.h', 436, 420 ]
336 silly gunzTarPerm extractEntry test/fixtures/alternate-text-node-B.json
337 silly gunzTarPerm extractEntry test/fixtures/alternate-text-node-C.json
338 silly gunzTarPerm extractEntry deps/libexpat/aclocal.m4
339 silly gunzTarPerm extractEntry deps/libexpat/configure
340 silly gunzTarPerm extractEntry nan_typedarray_contents.h
341 silly gunzTarPerm modified mode [ 'nan_typedarray_contents.h', 436, 420 ]
342 silly gunzTarPerm extractEntry nan_weak.h
343 silly gunzTarPerm modified mode [ 'nan_weak.h', 436, 420 ]
344 silly gunzTarPerm extractEntry test/fixtures/alternate-text-node-D.json
345 silly gunzTarPerm extractEntry test/fixtures/alternate-text-node-D.xml
346 silly gunzTarPerm extractEntry nan.h
347 silly gunzTarPerm modified mode [ 'nan.h', 436, 420 ]
348 silly gunzTarPerm extractEntry README.md
349 silly gunzTarPerm modified mode [ 'README.md', 436, 420 ]
350 silly gunzTarPerm extractEntry test/fixtures/array-notation.json
351 silly gunzTarPerm extractEntry test/fixtures/array-notation.xml
352 silly gunzTarPerm extractEntry doc/asyncworker.md
353 silly gunzTarPerm modified mode [ 'doc/asyncworker.md', 436, 420 ]
354 silly gunzTarPerm extractEntry doc/buffers.md
355 silly gunzTarPerm modified mode [ 'doc/buffers.md', 436, 420 ]
356 silly gunzTarPerm extractEntry test/fixtures/coerce.json
357 silly gunzTarPerm extractEntry test/fixtures/coerce.xml
358 silly gunzTarPerm extractEntry deps/libexpat/configure.ac
359 silly gunzTarPerm extractEntry doc/callback.md
360 silly gunzTarPerm modified mode [ 'doc/callback.md', 436, 420 ]
361 silly gunzTarPerm extractEntry doc/converters.md
362 silly gunzTarPerm modified mode [ 'doc/converters.md', 436, 420 ]
363 silly gunzTarPerm extractEntry test/fixtures/domain-reversible.json
364 silly gunzTarPerm extractEntry test/fixtures/domain.json
365 silly gunzTarPerm extractEntry deps/libexpat/conftools/PrintPath
366 silly gunzTarPerm extractEntry deps/libexpat/conftools/ac_c_bigendian_cross.m4
367 silly gunzTarPerm extractEntry doc/errors.md
368 silly gunzTarPerm modified mode [ 'doc/errors.md', 436, 420 ]
369 silly gunzTarPerm extractEntry doc/json.md
370 silly gunzTarPerm modified mode [ 'doc/json.md', 436, 420 ]
371 silly gunzTarPerm extractEntry test/fixtures/domain.xml
372 silly gunzTarPerm extractEntry test/fixtures/forceArray.json
373 silly gunzTarPerm extractEntry deps/libexpat/conftools/config.guess
374 silly gunzTarPerm extractEntry deps/libexpat/conftools/config.sub
375 silly gunzTarPerm extractEntry doc/maybe_types.md
376 silly gunzTarPerm modified mode [ 'doc/maybe_types.md', 436, 420 ]
377 silly gunzTarPerm extractEntry doc/methods.md
378 silly gunzTarPerm modified mode [ 'doc/methods.md', 436, 420 ]
379 silly gunzTarPerm extractEntry test/fixtures/forceArray.xml
380 silly gunzTarPerm extractEntry test/fixtures/large.json
381 silly gunzTarPerm extractEntry deps/libexpat/conftools/expat.m4
382 silly gunzTarPerm extractEntry doc/new.md
383 silly gunzTarPerm modified mode [ 'doc/new.md', 436, 420 ]
384 silly gunzTarPerm extractEntry doc/node_misc.md
385 silly gunzTarPerm modified mode [ 'doc/node_misc.md', 436, 420 ]
386 silly gunzTarPerm extractEntry test/fixtures/large.xml
387 silly gunzTarPerm extractEntry test/fixtures/reorder.json
388 silly gunzTarPerm extractEntry deps/libexpat/conftools/get-version.sh
389 silly gunzTarPerm extractEntry deps/libexpat/conftools/install-sh
390 silly gunzTarPerm extractEntry deps/libexpat/conftools/ltmain.sh
391 silly gunzTarPerm extractEntry doc/object_wrappers.md
392 silly gunzTarPerm modified mode [ 'doc/object_wrappers.md', 436, 420 ]
393 silly gunzTarPerm extractEntry doc/persistent.md
394 silly gunzTarPerm modified mode [ 'doc/persistent.md', 436, 420 ]
395 silly gunzTarPerm extractEntry test/fixtures/reorder.xml
396 silly gunzTarPerm extractEntry test/fixtures/spacetext.json
397 silly gunzTarPerm extractEntry test/fixtures/spacetext.xml
398 silly gunzTarPerm extractEntry test/fixtures/xmlsanitize.json
399 silly gunzTarPerm extractEntry doc/scopes.md
400 silly gunzTarPerm modified mode [ 'doc/scopes.md', 436, 420 ]
401 silly gunzTarPerm extractEntry doc/script.md
402 silly gunzTarPerm modified mode [ 'doc/script.md', 436, 420 ]
403 silly gunzTarPerm extractEntry deps/libexpat/conftools/mkinstalldirs
404 silly gunzTarPerm extractEntry deps/libexpat/CMake.README
405 silly gunzTarPerm extractEntry deps/libexpat/examples/elements.c
406 silly gunzTarPerm extractEntry test/fixtures/xmlsanitize.xml
407 silly gunzTarPerm extractEntry test/fixtures/xmlsanitize2.json
408 silly gunzTarPerm extractEntry doc/string_bytes.md
409 silly gunzTarPerm modified mode [ 'doc/string_bytes.md', 436, 420 ]
410 silly gunzTarPerm extractEntry doc/v8_internals.md
411 silly gunzTarPerm modified mode [ 'doc/v8_internals.md', 436, 420 ]
412 silly gunzTarPerm extractEntry deps/libexpat/examples/outline.c
413 silly gunzTarPerm extractEntry deps/libexpat/expat.pc.in
414 silly gunzTarPerm extractEntry test/fixtures/xmlsanitize2.xml
415 silly gunzTarPerm extractEntry test/fixtures/xmlsanitize3.json
416 silly gunzTarPerm extractEntry doc/v8_misc.md
417 silly gunzTarPerm modified mode [ 'doc/v8_misc.md', 436, 420 ]
418 silly gunzTarPerm extractEntry deps/libexpat/expat_config.h
419 silly gunzTarPerm extractEntry deps/libexpat/expat_config.h.cmake
420 silly gunzTarPerm extractEntry test/fixtures/xmlsanitize3.xml
421 silly gunzTarPerm extractEntry test/test-reorder.js
422 silly gunzTarPerm extractEntry tools/1to2.js
423 silly gunzTarPerm modified mode [ 'tools/1to2.js', 509, 493 ]
424 silly gunzTarPerm extractEntry tools/package.json
425 silly gunzTarPerm modified mode [ 'tools/package.json', 436, 420 ]
426 silly gunzTarPerm extractEntry deps/libexpat/expat_config.h.in
427 silly gunzTarPerm extractEntry test/test-space.js
428 silly gunzTarPerm extractEntry test/test-xmlsanitize.js
429 silly gunzTarPerm extractEntry tools/README.md
430 silly gunzTarPerm modified mode [ 'tools/README.md', 436, 420 ]
431 silly gunzTarPerm extractEntry test/test.js
432 silly gunzTarPerm extractEntry deps/libexpat/lib/siphash.h
433 silly gunzTarPerm extractEntry deps/libexpat/lib/ascii.h
434 silly gunzTarPerm extractEntry deps/libexpat/lib/expat.h
435 silly gunzTarPerm extractEntry deps/libexpat/lib/expat_external.h
436 silly gunzTarPerm extractEntry deps/libexpat/lib/iasciitab.h
437 silly gunzTarPerm extractEntry deps/libexpat/lib/internal.h
438 silly gunzTarPerm extractEntry deps/libexpat/lib/latin1tab.h
439 silly gunzTarPerm extractEntry deps/libexpat/lib/libexpat.def
440 silly gunzTarPerm extractEntry deps/libexpat/lib/libexpatw.def
441 silly gunzTarPerm extractEntry deps/libexpat/lib/nametab.h
442 silly gunzTarPerm extractEntry deps/libexpat/lib/asciitab.h
443 silly gunzTarPerm extractEntry deps/libexpat/lib/utf8tab.h
444 silly gunzTarPerm extractEntry deps/libexpat/lib/winconfig.h
445 silly gunzTarPerm extractEntry deps/libexpat/lib/xmlparse.c
446 silly gunzTarPerm extractEntry deps/libexpat/lib/xmlrole.c
447 silly gunzTarPerm extractEntry deps/libexpat/lib/xmlrole.h
448 silly gunzTarPerm extractEntry deps/libexpat/lib/xmltok.c
449 silly gunzTarPerm extractEntry deps/libexpat/lib/xmltok.h
450 silly gunzTarPerm extractEntry deps/libexpat/lib/xmltok_impl.c
451 silly gunzTarPerm extractEntry deps/libexpat/lib/xmltok_impl.h
452 silly gunzTarPerm extractEntry deps/libexpat/lib/xmltok_ns.c
453 silly gunzTarPerm extractEntry deps/libexpat/libexpat.gyp
454 silly gunzTarPerm extractEntry deps/libexpat/m4/libtool.m4
455 silly gunzTarPerm extractEntry deps/libexpat/m4/ltoptions.m4
456 silly gunzTarPerm extractEntry deps/libexpat/m4/ltsugar.m4
457 silly gunzTarPerm extractEntry deps/libexpat/m4/ltversion.m4
458 silly gunzTarPerm extractEntry deps/libexpat/m4/lt~obsolete.m4
459 silly gunzTarPerm extractEntry deps/libexpat/run.sh.in
460 silly gunzTarPerm extractEntry deps/libexpat/tests/memcheck.h
461 silly gunzTarPerm extractEntry deps/libexpat/tests/README.txt
462 silly gunzTarPerm extractEntry deps/libexpat/tests/chardata.c
463 silly gunzTarPerm extractEntry deps/libexpat/tests/chardata.h
464 silly gunzTarPerm extractEntry deps/libexpat/tests/memcheck.c
465 silly gunzTarPerm extractEntry deps/libexpat/tests/benchmark/README.txt
466 silly gunzTarPerm extractEntry deps/libexpat/tests/benchmark/benchmark.c
467 silly gunzTarPerm extractEntry deps/libexpat/tests/minicheck.c
468 silly gunzTarPerm extractEntry deps/libexpat/tests/minicheck.h
469 silly gunzTarPerm extractEntry deps/libexpat/tests/runtests.c
470 silly gunzTarPerm extractEntry deps/libexpat/tests/runtestspp.cpp
471 silly gunzTarPerm extractEntry deps/libexpat/tests/xmltest.sh
472 silly gunzTarPerm extractEntry deps/libexpat/win32/MANIFEST.txt
473 silly gunzTarPerm extractEntry deps/libexpat/win32/README.txt
474 silly gunzTarPerm extractEntry deps/libexpat/win32/expat.iss
475 silly gunzTarPerm extractEntry deps/libexpat/xmlwf/xmlfile.c
476 silly gunzTarPerm extractEntry deps/libexpat/xmlwf/codepage.c
477 silly gunzTarPerm extractEntry deps/libexpat/xmlwf/ct.c
478 silly gunzTarPerm extractEntry deps/libexpat/xmlwf/filemap.h
479 silly gunzTarPerm extractEntry deps/libexpat/xmlwf/readfilemap.c
480 silly gunzTarPerm extractEntry deps/libexpat/xmlwf/unixfilemap.c
481 silly gunzTarPerm extractEntry deps/libexpat/xmlwf/win32filemap.c
482 silly gunzTarPerm extractEntry deps/libexpat/xmlwf/codepage.h
483 silly gunzTarPerm extractEntry deps/libexpat/xmlwf/xmlfile.h
484 silly gunzTarPerm extractEntry deps/libexpat/xmlwf/xmlmime.c
485 silly gunzTarPerm extractEntry deps/libexpat/xmlwf/xmlmime.h
486 silly gunzTarPerm extractEntry deps/libexpat/xmlwf/xmltchar.h
487 silly gunzTarPerm extractEntry deps/libexpat/xmlwf/xmlurl.h
488 silly gunzTarPerm extractEntry deps/libexpat/xmlwf/xmlwf.c
489 silly gunzTarPerm extractEntry deps/libexpat/xmlwf/xmlwin32url.cxx
490 silly gunzTarPerm extractEntry lib/node-expat.js
491 silly gunzTarPerm extractEntry node-expat.cc
492 silly gunzTarPerm extractEntry yarn.lock
493 silly gentlyRm /home/keerthi/ITD/Python2/mysite/node_modules/.staging/xml2json-50e39a3b/node_modules is being purged
494 verbose gentlyRm don't care about contents; nuking /home/keerthi/ITD/Python2/mysite/node_modules/.staging/xml2json-50e39a3b/node_modules
495 silly gentlyRm /home/keerthi/ITD/Python2/mysite/node_modules/.staging/nan-8e7da988/node_modules is being purged
496 verbose gentlyRm don't care about contents; nuking /home/keerthi/ITD/Python2/mysite/node_modules/.staging/nan-8e7da988/node_modules
497 silly gentlyRm /home/keerthi/ITD/Python2/mysite/node_modules/.staging/node-expat-36b0b815/node_modules is being purged
498 verbose gentlyRm don't care about contents; nuking /home/keerthi/ITD/Python2/mysite/node_modules/.staging/node-expat-36b0b815/node_modules
499 silly doParallel preinstall 4
500 silly preinstall bindings@1.3.0 /home/keerthi/ITD/Python2/mysite/node_modules/.staging/bindings-ccba6f35
501 info lifecycle bindings@1.3.0~preinstall: bindings@1.3.0
502 silly preinstall nan@2.10.0 /home/keerthi/ITD/Python2/mysite/node_modules/.staging/nan-8e7da988
503 info lifecycle nan@2.10.0~preinstall: nan@2.10.0
504 silly preinstall node-expat@2.3.16 /home/keerthi/ITD/Python2/mysite/node_modules/.staging/node-expat-36b0b815
505 info lifecycle node-expat@2.3.16~preinstall: node-expat@2.3.16
506 silly preinstall xml2json@0.11.2 /home/keerthi/ITD/Python2/mysite/node_modules/.staging/xml2json-50e39a3b
507 info lifecycle xml2json@0.11.2~preinstall: xml2json@0.11.2
508 silly lifecycle bindings@1.3.0~preinstall: no script for preinstall, continuing
509 silly lifecycle nan@2.10.0~preinstall: no script for preinstall, continuing
510 silly lifecycle node-expat@2.3.16~preinstall: no script for preinstall, continuing
511 silly lifecycle xml2json@0.11.2~preinstall: no script for preinstall, continuing
512 silly doReverseSerial remove 0
513 silly doSerial move 0
514 silly doSerial finalize 4
515 silly finalize /home/keerthi/ITD/Python2/mysite/node_modules/bindings
516 silly finalize /home/keerthi/ITD/Python2/mysite/node_modules/nan
517 silly finalize /home/keerthi/ITD/Python2/mysite/node_modules/node-expat
518 silly finalize /home/keerthi/ITD/Python2/mysite/node_modules/xml2json
519 silly doSerial build 4
520 silly build bindings@1.3.0
521 info linkStuff bindings@1.3.0
522 silly linkStuff bindings@1.3.0 has /home/keerthi/ITD/Python2/mysite/node_modules as its parent node_modules
523 verbose linkBins bindings@1.3.0
524 verbose linkMans bindings@1.3.0
525 silly build nan@2.10.0
526 info linkStuff nan@2.10.0
527 silly linkStuff nan@2.10.0 has /home/keerthi/ITD/Python2/mysite/node_modules as its parent node_modules
528 verbose linkBins nan@2.10.0
529 verbose linkMans nan@2.10.0
530 silly build node-expat@2.3.16
531 info linkStuff node-expat@2.3.16
532 silly linkStuff node-expat@2.3.16 has /home/keerthi/ITD/Python2/mysite/node_modules as its parent node_modules
533 verbose linkBins node-expat@2.3.16
534 verbose linkMans node-expat@2.3.16
535 silly build xml2json@0.11.2
536 info linkStuff xml2json@0.11.2
537 silly linkStuff xml2json@0.11.2 has /home/keerthi/ITD/Python2/mysite/node_modules as its parent node_modules
538 verbose linkBins xml2json@0.11.2
539 verbose link bins [ { xml2json: 'bin/xml2json' },
539 verbose link bins   '/home/keerthi/ITD/Python2/mysite/node_modules/.bin',
539 verbose link bins   false ]
540 verbose linkMans xml2json@0.11.2
541 silly doSerial global-link 0
542 silly doParallel update-linked 0
543 silly doSerial install 4
544 silly install bindings@1.3.0 /home/keerthi/ITD/Python2/mysite/node_modules/.staging/bindings-ccba6f35
545 info lifecycle bindings@1.3.0~install: bindings@1.3.0
546 silly lifecycle bindings@1.3.0~install: no script for install, continuing
547 silly install nan@2.10.0 /home/keerthi/ITD/Python2/mysite/node_modules/.staging/nan-8e7da988
548 info lifecycle nan@2.10.0~install: nan@2.10.0
549 silly lifecycle nan@2.10.0~install: no script for install, continuing
550 silly install node-expat@2.3.16 /home/keerthi/ITD/Python2/mysite/node_modules/.staging/node-expat-36b0b815
551 info lifecycle node-expat@2.3.16~install: node-expat@2.3.16
552 verbose lifecycle node-expat@2.3.16~install: unsafe-perm in lifecycle false
553 verbose lifecycle node-expat@2.3.16~install: PATH: /usr/share/npm/bin/node-gyp-bin:/home/keerthi/ITD/Python2/mysite/node_modules/node-expat/node_modules/.bin:/home/keerthi/ITD/Python2/mysite/node_modules/.bin:/usr/local/sbin:/usr/local/bin:/usr/sbin:/usr/bin:/sbin:/bin:/snap/bin
554 verbose lifecycle node-expat@2.3.16~install: CWD: /home/keerthi/ITD/Python2/mysite/node_modules/node-expat
555 silly lifecycle node-expat@2.3.16~install: Args: [ '-c', 'node-gyp rebuild' ]
556 silly lifecycle node-expat@2.3.16~install: Returned: code: 1  signal: null
557 info lifecycle node-expat@2.3.16~install: Failed to exec install script
558 verbose unlock done using /home/keerthi/.npm/_locks/staging-49fd7514b69a3e47.lock for /home/keerthi/ITD/Python2/mysite/node_modules/.staging
559 silly rollbackFailedOptional Starting
560 silly rollbackFailedOptional Finishing
561 silly runTopLevelLifecycles Starting
562 silly runTopLevelLifecycles Finishing
563 silly install printInstalled
564 warn enoent ENOENT: no such file or directory, open '/home/keerthi/ITD/Python2/mysite/package.json'
565 warn mysite No description
566 warn mysite No repository field.
567 warn mysite No README data
568 warn mysite No license field.
569 verbose stack Error: node-expat@2.3.16 install: `node-gyp rebuild`
569 verbose stack Exit status 1
569 verbose stack     at EventEmitter.<anonymous> (/usr/share/npm/lib/utils/lifecycle.js:232:16)
569 verbose stack     at emitTwo (events.js:87:13)
569 verbose stack     at EventEmitter.emit (events.js:172:7)
569 verbose stack     at ChildProcess.<anonymous> (/usr/share/npm/lib/utils/spawn.js:24:14)
569 verbose stack     at emitTwo (events.js:87:13)
569 verbose stack     at ChildProcess.emit (events.js:172:7)
569 verbose stack     at maybeClose (internal/child_process.js:821:16)
569 verbose stack     at Process.ChildProcess._handle.onexit (internal/child_process.js:211:5)
570 verbose pkgid node-expat@2.3.16
571 verbose cwd /home/keerthi/ITD/Python2/mysite
572 error Linux 4.4.0-119-generic
573 error argv "/usr/bin/nodejs" "/usr/bin/npm" "install" "xml2json"
574 error node v4.2.6
575 error npm  v3.5.2
576 error code ELIFECYCLE
577 error node-expat@2.3.16 install: `node-gyp rebuild`
577 error Exit status 1
578 error Failed at the node-expat@2.3.16 install script 'node-gyp rebuild'.
578 error Make sure you have the latest version of node.js and npm installed.
578 error If you do, this is most likely a problem with the node-expat package,
578 error not with npm itself.
578 error Tell the author that this fails on your system:
578 error     node-gyp rebuild
578 error You can get information on how to open an issue for this project with:
578 error     npm bugs node-expat
578 error Or if that isn't available, you can get their info via:
578 error     npm owner ls node-expat
578 error There is likely additional logging output above.
579 verbose exit [ 1, true ]
